# JRE version: Java(TM) SE Runtime Environment (8.0_60-b27) (build 1.8.0_60-b27)
# Java VM: Java HotSpot(TM) Client VM (25.60-b23 mixed mode, sharing windows-x86 )
Heap:
 def new generation   total 14656K, used 14656K [0x04c00000, 0x05be0000, 0x0a150000)
  eden space 13056K, 100% used [0x04c00000, 0x058c0000, 0x058c0000)
  from space 1600K, 100% used [0x05a50000, 0x05be0000, 0x05be0000)
  to   space 1600K,  45% used [0x058c0000, 0x059759e0, 0x05a50000)
 tenured generation   total 174784K, used 20313K [0x0a150000, 0x14c00000, 0x14c00000)
   the space 174784K,  11% used [0x0a150000, 0x0b5266b8, 0x0b526800, 0x14c00000)
 Metaspace       used 11650K, capacity 11825K, committed 11904K, reserved 12672K
GC Heap History (10 events):
Event: 8.482 GC heap after
Heap after GC invocations=108 (full 12):
 def new generation   total 14080K, used 1536K [0x04c00000, 0x05b40000, 0x0a150000)
  eden space 12544K,   0% used [0x04c00000, 0x04c00000, 0x05840000)
  from space 1536K, 100% used [0x059c0000, 0x05b40000, 0x05b40000)
  to   space 1536K,   0% used [0x05840000, 0x05840000, 0x059c0000)
 tenured generation   total 31132K, used 21160K [0x0a150000, 0x0bfb7000, 0x14c00000)
   the space 31132K,  67% used [0x0a150000, 0x0b5fa1f0, 0x0b5fa200, 0x0bfb7000)
 Metaspace       used 8667K, capacity 9713K, committed 9728K, reserved 10624K
}
Event: 8.705 GC heap before
{Heap before GC invocations=108 (full 12):
 def new generation   total 14080K, used 14080K [0x04c00000, 0x05b40000, 0x0a150000)
  eden space 12544K, 100% used [0x04c00000, 0x05840000, 0x05840000)
  from space 1536K, 100% used [0x059c0000, 0x05b40000, 0x05b40000)
  to   space 1536K,   0% used [0x05840000, 0x05840000, 0x059c0000)
 tenured generation   total 31132K, used 21160K [0x0a150000, 0x0bfb7000, 0x14c00000)
   the space 31132K,  67% used [0x0a150000, 0x0b5fa1f0, 0x0b5fa200, 0x0bfb7000)
 Metaspace       used 8667K, capacity 9713K, committed 9728K, reserved 10624K
Event: 8.712 GC heap after
Heap after GC invocations=109 (full 12):
 def new generation   total 14080K, used 1536K [0x04c00000, 0x05b40000, 0x0a150000)
  eden space 12544K,   0% used [0x04c00000, 0x04c00000, 0x05840000)
  from space 1536K, 100% used [0x05840000, 0x059c0000, 0x059c0000)
  to   space 1536K,   0% used [0x059c0000, 0x059c0000, 0x05b40000)
 tenured generation   total 31132K, used 24844K [0x0a150000, 0x0bfb7000, 0x14c00000)
   the space 31132K,  79% used [0x0a150000, 0x0b993070, 0x0b993200, 0x0bfb7000)
 Metaspace       used 8667K, capacity 9713K, committed 9728K, reserved 10624K
}
Event: 8.950 GC heap before
{Heap before GC invocations=109 (full 12):
 def new generation   total 14080K, used 14080K [0x04c00000, 0x05b40000, 0x0a150000)
  eden space 12544K, 100% used [0x04c00000, 0x05840000, 0x05840000)
  from space 1536K, 100% used [0x05840000, 0x059c0000, 0x059c0000)
  to   space 1536K,   0% used [0x059c0000, 0x059c0000, 0x05b40000)
 tenured generation   total 31132K, used 24844K [0x0a150000, 0x0bfb7000, 0x14c00000)
   the space 31132K,  79% used [0x0a150000, 0x0b993070, 0x0b993200, 0x0bfb7000)
 Metaspace       used 8667K, capacity 9713K, committed 9728K, reserved 10624K
Event: 8.958 GC heap after
Heap after GC invocations=110 (full 12):
 def new generation   total 14080K, used 1536K [0x04c00000, 0x05b40000, 0x0a150000)
  eden space 12544K,   0% used [0x04c00000, 0x04c00000, 0x05840000)
  from space 1536K, 100% used [0x059c0000, 0x05b40000, 0x05b40000)
  to   space 1536K,   0% used [0x05840000, 0x05840000, 0x059c0000)
 tenured generation   total 31132K, used 28659K [0x0a150000, 0x0bfb7000, 0x14c00000)
   the space 31132K,  92% used [0x0a150000, 0x0bd4cd20, 0x0bd4ce00, 0x0bfb7000)
 Metaspace       used 8667K, capacity 9713K, committed 9728K, reserved 10624K
}
Event: 9.186 GC heap before
{Heap before GC invocations=110 (full 12):
 def new generation   total 14080K, used 14080K [0x04c00000, 0x05b40000, 0x0a150000)
  eden space 12544K, 100% used [0x04c00000, 0x05840000, 0x05840000)
  from space 1536K, 100% used [0x059c0000, 0x05b40000, 0x05b40000)
  to   space 1536K,   0% used [0x05840000, 0x05840000, 0x059c0000)
 tenured generation   total 31132K, used 28659K [0x0a150000, 0x0bfb7000, 0x14c00000)
   the space 31132K,  92% used [0x0a150000, 0x0bd4cd20, 0x0bd4ce00, 0x0bfb7000)
 Metaspace       used 8667K, capacity 9713K, committed 9728K, reserved 10624K
Event: 9.236 GC heap after
Heap after GC invocations=111 (full 13):
 def new generation   total 14656K, used 0K [0x04c00000, 0x05be0000, 0x0a150000)
  eden space 13056K,   0% used [0x04c00000, 0x04c00000, 0x058c0000)
  from space 1600K,   0% used [0x058c0000, 0x058c0000, 0x05a50000)
  to   space 1600K,   0% used [0x05a50000, 0x05a50000, 0x05be0000)
 tenured generation   total 32376K, used 19424K [0x0a150000, 0x0c0ee000, 0x14c00000)
   the space 32376K,  59% used [0x0a150000, 0x0b4480b0, 0x0b448200, 0x0c0ee000)
 Metaspace       used 8667K, capacity 9713K, committed 9728K, reserved 10624K
}
Event: 9.417 GC heap before
{Heap before GC invocations=111 (full 13):
 def new generation   total 14656K, used 13056K [0x04c00000, 0x05be0000, 0x0a150000)
  eden space 13056K, 100% used [0x04c00000, 0x058c0000, 0x058c0000)
  from space 1600K,   0% used [0x058c0000, 0x058c0000, 0x05a50000)
  to   space 1600K,   0% used [0x05a50000, 0x05a50000, 0x05be0000)
 tenured generation   total 32376K, used 19424K [0x0a150000, 0x0c0ee000, 0x14c00000)
   the space 32376K,  59% used [0x0a150000, 0x0b4480b0, 0x0b448200, 0x0c0ee000)
 Metaspace       used 9100K, capacity 10088K, committed 10112K, reserved 10624K
Event: 9.421 GC heap after
Heap after GC invocations=112 (full 13):
 def new generation   total 14656K, used 1600K [0x04c00000, 0x05be0000, 0x0a150000)
  eden space 13056K,   0% used [0x04c00000, 0x04c00000, 0x058c0000)
  from space 1600K, 100% used [0x05a50000, 0x05be0000, 0x05be0000)
  to   space 1600K,   0% used [0x058c0000, 0x058c0000, 0x05a50000)
 tenured generation   total 32376K, used 19818K [0x0a150000, 0x0c0ee000, 0x14c00000)
   the space 32376K,  61% used [0x0a150000, 0x0b4aa800, 0x0b4aa800, 0x0c0ee000)
 Metaspace       used 9100K, capacity 10088K, committed 10112K, reserved 10624K
}
Event: 9.664 GC heap before
{Heap before GC invocations=112 (full 13):
 def new generation   total 14656K, used 14656K [0x04c00000, 0x05be0000, 0x0a150000)
  eden space 13056K, 100% used [0x04c00000, 0x058c0000, 0x058c0000)
  from space 1600K, 100% used [0x05a50000, 0x05be0000, 0x05be0000)
  to   space 1600K,   0% used [0x058c0000, 0x058c0000, 0x05a50000)
 tenured generation   total 32376K, used 19818K [0x0a150000, 0x0c0ee000, 0x14c00000)
   the space 32376K,  61% used [0x0a150000, 0x0b4aa800, 0x0b4aa800, 0x0c0ee000)
 Metaspace       used 11650K, capacity 11825K, committed 11904K, reserved 12672K

